<?xml version="1.0" encoding="utf-8"?>
<testsuites time="54.963" tests="28" failures="0">
  <testsuite id="0" name="MiniTwitApi.Tests.dll" tests="28" failures="0" time="54.963">
    <testcase classname="MiniTwitApi.Tests.BCryptTests" name="MiniTwitApi.Tests.BCryptTests.CheckPassword_Given_InValid_Password(plainPassword: &quot;214134n¤%#&amp;¤&quot;, invalidPassword: &quot;%%232353##¤&quot;)" time="10.8934130" />
    <testcase classname="MiniTwitApi.Tests.BCryptTests" name="MiniTwitApi.Tests.BCryptTests.CheckPassword_Given_InValid_Password(plainPassword: &quot;kelsen&quot;, invalidPassword: &quot;hello&quot;)" time="12.3433616" />
    <testcase classname="MiniTwitApi.Tests.BCryptTests" name="MiniTwitApi.Tests.BCryptTests.CheckPassword_Given_Password(plainPassword: &quot;kelsen&quot;)" time="10.7622285" />
    <testcase classname="MiniTwitApi.Tests.BCryptTests" name="MiniTwitApi.Tests.BCryptTests.CheckPassword_Given_Password(plainPassword: &quot;342525#%&amp;&amp;(/%&quot;)" time="9.6334996" />
    <testcase classname="MiniTwitApi.Tests.BCryptTests" name="MiniTwitApi.Tests.BCryptTests.CheckPassword_Given_Password(plainPassword: &quot;testing&quot;)" time="9.9843979" />
    <testcase classname="MiniTwitApi.Tests.LatestTests" name="MiniTwitApi.Tests.LatestTests.Read_And_Update(latest: 1000)" time="0.0066777" />
    <testcase classname="MiniTwitApi.Tests.LatestTests" name="MiniTwitApi.Tests.LatestTests.Read_And_Update(latest: 5)" time="0.0007524" />
    <testcase classname="MiniTwitApi.Tests.ProfanityFilterTests" name="MiniTwitApi.Tests.ProfanityFilterTests.both_good_and_bad_multiple_words(input: &quot;goodword in a good test&quot;, expected: 1)" time="0.0147522" />
    <testcase classname="MiniTwitApi.Tests.ProfanityFilterTests" name="MiniTwitApi.Tests.ProfanityFilterTests.both_good_and_bad_multiple_words(input: &quot;xxx ddwddddd&quot;, expected: 1)" time="0.0001278" />
    <testcase classname="MiniTwitApi.Tests.ProfanityFilterTests" name="MiniTwitApi.Tests.ProfanityFilterTests.both_good_and_bad_multiple_words(input: &quot;yankee hahahahaha&quot;, expected: 1)" time="0.0000671" />
    <testcase classname="MiniTwitApi.Tests.ProfanityFilterTests" name="MiniTwitApi.Tests.ProfanityFilterTests.both_good_and_bad_multiple_words(input: &quot;zipperhead this is a test &quot;, expected: 1)" time="0.0000627" />
    <testcase classname="MiniTwitApi.Tests.ProfanityFilterTests" name="MiniTwitApi.Tests.ProfanityFilterTests.both_good_and_bad_multiple_words(input: &quot;yellowman t estt est est&quot;, expected: 1)" time="0.0000671" />
    <testcase classname="MiniTwitApi.Tests.ProfanityFilterTests" name="MiniTwitApi.Tests.ProfanityFilterTests.both_good_and_bad_multiple_words(input: &quot;naturalword test of multiple words&quot;, expected: 0)" time="0.0001247" />
    <testcase classname="MiniTwitApi.Tests.ProfanityFilterTests" name="MiniTwitApi.Tests.ProfanityFilterTests.both_good_and_bad_multiple_words(input: &quot;xtc dwwdw&quot;, expected: 1)" time="0.0000616" />
    <testcase classname="MiniTwitApi.Tests.ProfanityFilterTests" name="MiniTwitApi.Tests.ProfanityFilterTests.both_good_and_bad_single_words(input: &quot;naturalword&quot;, expected: 0)" time="0.0001594" />
    <testcase classname="MiniTwitApi.Tests.ProfanityFilterTests" name="MiniTwitApi.Tests.ProfanityFilterTests.both_good_and_bad_single_words(input: &quot;goodword&quot;, expected: 1)" time="0.0000653" />
    <testcase classname="MiniTwitApi.Tests.ProfanityFilterTests" name="MiniTwitApi.Tests.ProfanityFilterTests.both_good_and_bad_single_words(input: &quot;xxx&quot;, expected: 1)" time="0.0000605" />
    <testcase classname="MiniTwitApi.Tests.ProfanityFilterTests" name="MiniTwitApi.Tests.ProfanityFilterTests.both_good_and_bad_single_words(input: &quot;yellowman&quot;, expected: 1)" time="0.0000645" />
    <testcase classname="MiniTwitApi.Tests.ProfanityFilterTests" name="MiniTwitApi.Tests.ProfanityFilterTests.both_good_and_bad_single_words(input: &quot;xtc&quot;, expected: 1)" time="0.0000610" />
    <testcase classname="MiniTwitApi.Tests.ProfanityFilterTests" name="MiniTwitApi.Tests.ProfanityFilterTests.both_good_and_bad_single_words(input: &quot;zipperhead&quot;, expected: 1)" time="0.0000621" />
    <testcase classname="MiniTwitApi.Tests.ProfanityFilterTests" name="MiniTwitApi.Tests.ProfanityFilterTests.both_good_and_bad_single_words(input: &quot;yankee&quot;, expected: 1)" time="0.0000632" />
    <testcase classname="MiniTwitApi.Tests.UserRepositoryTests" name="MiniTwitApi.Tests.UserRepositoryTests.Test_If_User_Exist_By_Userid_False" time="1.1111808" />
    <testcase classname="MiniTwitApi.Tests.UserRepositoryTests" name="MiniTwitApi.Tests.UserRepositoryTests.Test_If_Read_Returns_Null_When_False_By_Userid" time="0.0124153" />
    <testcase classname="MiniTwitApi.Tests.UserRepositoryTests" name="MiniTwitApi.Tests.UserRepositoryTests.Test_If_User_Exist_By_Username_False" time="0.0759200" />
    <testcase classname="MiniTwitApi.Tests.UserRepositoryTests" name="MiniTwitApi.Tests.UserRepositoryTests.Test_If_User_Can_Be_Created_And_Can_Be_Found" time="0.0994197" />
    <testcase classname="MiniTwitApi.Tests.UserRepositoryTests" name="MiniTwitApi.Tests.UserRepositoryTests.Test_If_Read_Returns_Null_When_False_By_Username" time="0.0052696" />
    <testcase classname="MiniTwitApi.Tests.UserRepositoryTests" name="MiniTwitApi.Tests.UserRepositoryTests.Test_If_User_Exist_By_Userid_True" time="0.0057764" />
    <testcase classname="MiniTwitApi.Tests.UserRepositoryTests" name="MiniTwitApi.Tests.UserRepositoryTests.Test_If_User_Exist_By_Username_True" time="0.0124723" />
  </testsuite>
</testsuites>